

HI-TECH Software PICC Macro Assembler V9.60PL3 build 3862 
                                                      Thu Nov 29 15:59:18 2018

HI-TECH Software Code Generator build 3862
     1                           	processor	16F887
     2                           	opt	pw 79
     3                           	psect	text0,local,class=CODE,delta=2
     4                           	psect	config,global,class=CONFIG,delta=2
     5                           	psect	text1,local,class=CODE,delta=2
     6                           	psect	intcode,global,class=CODE,delta=2
     7                           	psect	intsave_0,global,ovrld,class=COMBANK,spa
      +                          ce=1,delta=1
     8                           	psect	intret,global,class=CODE,delta=2
     9                           	psect	intentry,global,class=CODE,delta=2
    10                           	psect	intsave,global,class=BANK0,space=1,delta
      +                          =1
    11                           	psect	rbss_0,global,class=BANK0,space=1,delta=
      +                          1
    12                           	psect	temp,global,ovrld,class=BANK0,space=1,de
      +                          lta=1
    13  0000                     
    14  0000                     
    15  0000                     
    16  0000                     
    17  0000                     
    18  0000                     
    19  0000                     
    20  0000                     
    21  0000                     
    22  0000                     
    23  0000                     	;#
    24                           
    25                           	psect	text0
    26  0158                     _main
    27                           ;main.c: 13: void main(void)
    28  0158  120A  118A  2149   	fcall	_Init_PIC
    29                           ;main.c: 16: Init_USART();
    30  015B  120A  118A  2113   	fcall	_Init_USART
      +       120A  118A         
    31  0160                     l3
    32                           ;main.c: 18: while(1)
    33                           ;main.c: 19: {
    34  0160  1C98               	btfss	24,1
    35  0161  2960               	goto	l3
    36                           ;main.c: 21: {
    37  0162  1218               	bcf	24,4
    38                           ;main.c: 23: CREN = 1;
    39  0163  1618               	bsf	24,4
    40  0164  2960               	goto	l3
    41                           
    42                           	psect	config
    43  2007  3FC2               	dw	16322	;#
    44                           
    45                           	psect	text1
    46  016E                     __end_of_main
    47                           
    48                           	psect	intcode
    49  001F                     _gps
    50  001F                     int_func
    51                           ;main.c: 30: void interrupt gps(void)
    52  001F  0183               	clrf	3	;select bank 0
    53  0020  1E8C               	btfss	12,5
    54  0021  283E               	goto	l6
    55                           ;main.c: 33: {
    56  0022  128C               	bcf	12,5
    57                           ;main.c: 35: recdata = RCREG;
    58  0023  081A               	movf	26,w	;volatile
    59  0024  00F7               	movwf	btemp
    60  0025  120A  118A  207F   	fcall	lbtoft
    61  0028  0877               	movf	btemp,w
    62  0029  00A1               	movwf	_recdata
    63  002A  0878               	movf	btemp+1,w
    64  002B  00A2               	movwf	_recdata+1
    65  002C  0879               	movf	btemp+2,w
    66  002D  00A3               	movwf	_recdata+2
    67                           ;main.c: 36: gpsPoint = recdata ;
    68  002E  0821               	movf	_recdata,w
    69  002F  00F7               	movwf	btemp
    70  0030  0822               	movf	_recdata+1,w
    71  0031  00F8               	movwf	btemp+1
    72  0032  0823               	movf	_recdata+2,w
    73  0033  00F9               	movwf	btemp+2
    74  0034  120A  118A  20D1   	fcall	fttol
    75  0037  0877               	movf	btemp,w
    76  0038  00A0               	movwf	_gpsPoint
    77                           ;main.c: 37: Send_Char(gpsPoint);
    78  0039  120A  118A  2165   	fcall	_Send_Char
      +       120A  118A         
    79                           ;main.c: 38: }
    80  003E                     l6
    81                           
    82                           	psect	intsave_0
    83  0076                     saved_w
                     saved_w
    84  0076                     	ds	1
    85                           
    86                           	psect	intret
    87  0050  0827               	movf	saved_fsr,w
    88  0051  0084               	movwf	4	;restore FSR
    89  0052  0828               	movf	saved_pclath,w
    90  0053  008A               	movwf	10
    91  0054                     int_restore
    92  0054  0826               	movf	saved_status,w
    93  0055  0083               	movwf	3
    94  0056  0EF6               	swapf	saved_w
    95  0057  0E76               	swapf	saved_w,w
    96  0058  0009               	retfie
    97                           
    98                           	psect	intentry
    99  0004                     int_entry
   100  0004  00F6               	movwf	saved_w
   101  0005  0803               	movf	3,w
   102  0006  0183               	clrf	3
   103  0007  00A6               	movwf	saved_status
   104  0008  0804               	movf	4,w
   105  0009  00A7               	movwf	saved_fsr
   106  000A  080A               	movf	10,w
   107  000B  00A8               	movwf	saved_pclath
   108  000C  018A               	clrf	10
   109  000D                     __end_of_gps
   110  0000                     
   111  0000                     
   112  0000                     
   113  0000                     
   114  0000                     
   115  0000                     
   116  0000                     
   117  0000                     
   118  0000                     
   119  0000                     
   120  0000                     
   121  0000                     
   122  0000                     
   123  0000                     
   124  0000                     
   125  0000                     
   126  0000                     
   127  0000                     
   128  0000                     
   129  0000                     
   130  0000                     
   131  0000                     
   132  0000                     
   133  0000                     
   134  0000                     
   135  0000                     
   136  0000                     
   137  0000                     
   138  0000                     
   139  0000                     
   140  0000                     
   141  0000                     
   142  0000                     
   143  0000                     
   144  0000                     
   145  0000                     
   146  0000                     
   147  0000                     
   148  0000                     
   149  0000                     
   150  0000                     
   151  0000                     
   152  0000                     
   153  0000                     
   154  0000                     
   155  0000                     
   156  0000                     
   157  0000                     
   158  0000                     
   159  0000                     
   160  0000                     
   161  0000                     
   162  0000                     
   163  0000                     
   164  0000                     
   165  0000                     
   166  0000                     
   167  0000                     
   168  0000                     
   169  0000                     
   170  0000                     
   171  0000                     
   172  0000                     
   173  0000                     
   174  0000                     
   175  0000                     
   176  0000                     
   177  0000                     
   178  0000                     
   179  0000                     
   180  0000                     
   181  0000                     
   182  0000                     
   183  0000                     
   184  0000                     
   185  0000                     
   186  0000                     
   187  0000                     
   188  0000                     
   189  0000                     
   190  0000                     
   191  0000                     
   192  0000                     
   193  0000                     
   194  0000                     
   195  0000                     
   196  0000                     
   197  0000                     
   198  0000                     
   199  0000                     
   200  0000                     
   201  0000                     
   202  0000                     
   203  0000                     
   204  0000                     
   205  0000                     
   206  0000                     
   207  0000                     
   208  0000                     
   209  0000                     
   210  0000                     
   211  0000                     
   212  0000                     
   213  0000                     
   214  0000                     
   215  0000                     
   216  0000                     
   217  0000                     
   218  0000                     
   219  0000                     
   220  0000                     
   221  0000                     
   222  0000                     
   223  0000                     
   224  0000                     
   225  0000                     
   226  0000                     
   227  0000                     
   228  0000                     
   229  0000                     
   230  0000                     
   231  0000                     
   232  0000                     
   233  0000                     
   234  0000                     
   235  0000                     
   236  0000                     
   237  0000                     
   238  0000                     
   239  0000                     
   240  0000                     
   241  0000                     
   242  0000                     
   243  0000                     
   244  0000                     
   245  0000                     
   246  0000                     
   247  0000                     
   248  0000                     
   249  0000                     
   250  0000                     
   251  0000                     
   252  0000                     
   253  0000                     
   254  0000                     
   255  0000                     
   256  0000                     
   257  0000                     
   258  0000                     
   259  0000                     
   260  0000                     
   261  0000                     
   262  0000                     
   263  0000                     
   264  0000                     
   265  0000                     
   266  0000                     
   267  0000                     
   268  0000                     
   269  0000                     
   270  0000                     
   271  0000                     
   272  0000                     
   273  0000                     
   274  0000                     
   275  0000                     
   276  0000                     
   277  0000                     
   278  0000                     
   279  0000                     
   280  0000                     
   281  0000                     
   282  0000                     
   283  0000                     
   284  0000                     
   285  0000                     
   286  0000                     
   287  0000                     
   288  0000                     
   289  0000                     
   290  0000                     
   291  0000                     
   292  0000                     
   293  0000                     
   294  0000                     
   295  0000                     
   296  0000                     
   297  0000                     
   298  0000                     
   299  0000                     
   300  0000                     
   301  0000                     
   302  0000                     
   303  0000                     
   304  0000                     
   305  0000                     
   306  0000                     
   307  0000                     
   308  0000                     
   309  0000                     
   310  0000                     
   311  0000                     
   312  0000                     
   313  0000                     
   314  0000                     
   315  0000                     
   316  0000                     
   317  0000                     
   318  0000                     
   319  0000                     
   320  0000                     
   321  0000                     
   322  0000                     
   323  0000                     
   324  0000                     
   325  0000                     
   326  0000                     
   327  0000                     
   328  0000                     
   329  0000                     
   330  0000                     
   331  0000                     
   332  0000                     
   333  0000                     
   334  0000                     
   335  0000                     
   336  0000                     
   337  0000                     
   338  0000                     
   339  0000                     
   340  0000                     
   341  0000                     
   342  0000                     
   343  0000                     
   344  0000                     
   345  0000                     
   346  0000                     
   347  0000                     
   348  0000                     
   349  0000                     
   350  0000                     
   351  0000                     
   352  0000                     
   353  0000                     
   354  0000                     
   355  0000                     
   356  0000                     
   357  0000                     
   358  0000                     
   359  0000                     
   360  0000                     
   361  0000                     
   362  0000                     
   363  0000                     
   364  0000                     
   365  0000                     
   366  0000                     
   367  0000                     
   368  0000                     
   369  0000                     
   370  0000                     
   371  0000                     
   372  0000                     
   373  0000                     
   374  0000                     
   375  0000                     
   376  0000                     
   377  0000                     
   378  0000                     
   379  0000                     
   380  0000                     
   381  0000                     
   382  0000                     
   383  0000                     
   384  0000                     
   385  0000                     
   386  0000                     
   387  0000                     
   388  0000                     
   389  0000                     
   390  0000                     
   391  0000                     
   392  0000                     
   393  0000                     
   394  0000                     
   395  0000                     
   396  0000                     
   397  0000                     
   398  0000                     
   399  0000                     
   400  0000                     
   401  0000                     
   402  0000                     
   403  0000                     
   404  0000                     
   405  0000                     
   406  0000                     
   407  0000                     
   408  0000                     
   409  0000                     
   410  0000                     
   411  0000                     
   412  0000                     
   413  0000                     
   414  0000                     
   415  0000                     
   416  0000                     
   417  0000                     
   418  0000                     
   419  0000                     
   420  0000                     
   421  0000                     
   422  0000                     
   423  0000                     
   424  0000                     
   425  0000                     
   426  0000                     
   427  0000                     
   428  0000                     
   429  0000                     
   430  0000                     
   431  0000                     
   432  0000                     
   433  0000                     
   434  0000                     
   435  0000                     
   436  0000                     
   437  0000                     
   438  0000                     
   439  0000                     
   440  0000                     
   441  0000                     
   442  0000                     
   443  0000                     
   444  0000                     
   445  0000                     
   446  0000                     
   447  0000                     
   448  0000                     
   449  0000                     
   450  0000                     
   451  0000                     
   452  0000                     
   453  0000                     
   454  0000                     
   455  0000                     
   456  0000                     
   457  0000                     
   458  0000                     
   459  0000                     
   460  0000                     
   461  0000                     
   462  0000                     
   463  0000                     
   464  0000                     
   465  0000                     
   466  0000                     
   467  0000                     
   468  0000                     
   469  0000                     
   470  0000                     
   471  0000                     
   472  0000                     
   473  0000                     
   474  0000                     
   475  0000                     
   476  0000                     
   477  0000                     
   478  0000                     
   479  0000                     
   480  0000                     
   481  0000                     
   482  0000                     
   483  0000                     
   484  0000                     
   485  0000                     
   486  0000                     
   487  0000                     
   488  0000                     
   489  0000                     
   490  0000                     
   491  0000                     
   492  0000                     
   493  0000                     
   494  0000                     
   495  0000                     
   496  0000                     
   497  0000                     
   498  0000                     
   499  0000                     
   500  0000                     
   501  0000                     
   502  0000                     
   503  0000                     
   504  0000                     
   505  0000                     
   506  0000                     
   507  0000                     
   508  0000                     
   509  0000                     
   510  0000                     
   511  0000                     
   512  0000                     
   513  0000                     
   514  0000                     
   515  0000                     
   516  0000                     
   517  0000                     
   518  0000                     
   519  0000                     
   520  0000                     
   521  0000                     
   522  0000                     
   523  0000                     
   524  0000                     
   525  0000                     
   526                           
   527                           	psect	intsave
   528  0026                     saved_status
                     saved_status
   529  0026                     	ds	1
   530  0027                     saved_fsr
                     saved_fsr
   531  0027                     	ds	1
   532  0028                     saved_pclath
                     saved_pclath
   533  0028                     	ds	1
   534                           
   535                           	psect	rbss_0
   536  0020                     _gpsPoint
                     _gpsPoint
   537  0020                     	ds	1
   538  0021                     _recdata
                     _recdata
   539  0021                     	ds	3
   540                           
   541                           	psect	temp
   542  0077                     btemp
                     btemp
   543  0077                     	ds	3


HI-TECH Software PICC Macro Assembler V9.60PL3 build 3862 
Symbol Table                                          Thu Nov 29 15:59:18 2018

           l3 0160             l6 003E            fsr 0004  
    _gpsPoint 0020           _gps 001F  save_code_ptr 001F  
  save_btemp0 000D    save_btemp1 000F    save_btemp2 0011  
  save_btemp3 0013    save_btemp4 0015    save_btemp5 0017  
  save_btemp6 0019    save_btemp7 001B    save_btemp8 001D  
  save_btemp9 001F          _main 0158          btemp 0077  
        fttol 00D1          start 0059        saved_w 0076  
__end_of_main 016E      int_entry 0004      saved_fsr 0027  
   _Send_Char 0165       _recdata 0021   save_btemp10 000F  
 save_btemp11 000F   save_btemp12 000F   save_btemp13 000F  
 save_btemp14 000F   saved_pclath 0028         lbtoft 007F  
       pclath 000A   saved_status 0026   __end_of_gps 000D  
       status 0003      _Init_PIC 0149       int_func 001F  
  _Init_USART 0113    int_restore 0054    used_btemp0 0001  
  used_btemp1 0001    used_btemp2 0001  
