

HI-TECH Software PICC Macro Assembler V9.60PL3 build 3862 
                                                      Thu Aug 16 22:44:49 2018

HI-TECH Software Code Generator build 3862
     1                           	processor	16F887
     2                           	opt	pw 79
     3                           	psect	text0,local,class=CODE,delta=2
     4                           	psect	config,global,class=CONFIG,delta=2
     5                           	psect	text1,local,class=CODE,delta=2
     6                           	psect	intcode,global,class=CODE,delta=2
     7                           	psect	intsave_0,global,ovrld,class=COMBANK,spa
      +                          ce=1,delta=1
     8                           	psect	intret,global,class=CODE,delta=2
     9                           	psect	intentry,global,class=CODE,delta=2
    10                           	psect	intsave,global,class=BANK0,space=1,delta
      +                          =1
    11                           	psect	rbss_0,global,class=BANK0,space=1,delta=
      +                          1
    12  0000                     
    13  0000                     
    14  0000                     
    15  0000                     
    16  0000                     
    17  0000                     
    18  0000                     
    19  0000                     
    20  0000                     
    21  0000                     
    22  0000                     	;#
    23                           
    24                           	psect	text0
    25  012B                     _main
    26                           ;main.c: 14: void main(void)
    27  012B  120A  118A  213B   	fcall	_Init_PIC
    28                           ;main.c: 17: Init_CCP_PWM();
    29  012E  120A  118A  214A   	fcall	_Init_CCP_PWM
    30                           ;main.c: 18: Init_USART();
    31  0131  120A  118A  20F5   	fcall	_Init_USART
      +       120A  118A         
    32  0136                     l3
    33                           ;main.c: 20: while(1)
    34                           ;main.c: 21: {
    35  0136  1C98               	btfss	24,1
    36  0137  2936               	goto	l3
    37                           ;main.c: 23: {
    38  0138  1218               	bcf	24,4
    39                           ;main.c: 25: CREN = 1;
    40  0139  1618               	bsf	24,4
    41  013A  2936               	goto	l3
    42                           
    43                           	psect	config
    44  2007  3FC2               	dw	16322	;#
    45                           
    46                           	psect	text1
    47  0159                     __end_of_main
    48                           
    49                           	psect	intcode
    50  000D                     _bluetooth
    51  000D                     int_func
    52                           ;main.c: 32: void interrupt bluetooth(void)
    53  000D  0183               	clrf	3	;select bank 0
    54  000E  1E8C               	btfss	12,5
    55  000F  2865               	goto	l6
    56                           ;main.c: 35: {
    57  0010  128C               	bcf	12,5
    58                           ;main.c: 37: recdata = RCREG;
    59  0011  081A               	movf	26,w	;volatile
    60  0012  00A0               	movwf	_recdata
    61                           ;main.c: 38: switch(recdata)
    62  0013  2837               	goto	l9
    63  0014                     l10
    64                           ;main.c: 39: {
    65                           ;main.c: 41: RD0=1;
    66  0014  1408               	bsf	8,0
    67                           ;main.c: 42: break;
    68  0015  2865               	goto	l6
    69  0016                     l11
    70                           ;main.c: 44: case 'b':
    71                           ;main.c: 45: RD0=0;
    72  0016  1008               	bcf	8,0
    73                           ;main.c: 46: break;
    74  0017  2865               	goto	l6
    75  0018                     l12
    76                           ;main.c: 48: case 'c':
    77                           ;main.c: 49: Rotation0();
    78  0018  120A  118A  20CD   	fcall	_Rotation0
      +       120A  118A         
    79                           ;main.c: 50: break;
    80  001D  2865               	goto	l6
    81  001E                     l13
    82                           ;main.c: 52: case 'd':
    83                           ;main.c: 53: Rotation90();
    84  001E  120A  118A  20A5   	fcall	_Rotation90
      +       120A  118A         
    85                           ;main.c: 54: break;
    86  0023  2865               	goto	l6
    87  0024                     l14
    88                           ;main.c: 56: case 'e':
    89                           ;main.c: 57: Rotation180();
    90  0024  120A  118A  207D   	fcall	_Rotation180
      +       120A  118A         
    91                           ;main.c: 58: break;
    92  0029  2865               	goto	l6
    93                           ;main.c: 60: case '1':
    94                           ;main.c: 61: CCPR2L = 0;
    95                           ;main.c: 62: break;
    96  002A                     l16
    97                           ;main.c: 64: case '2':
    98                           ;main.c: 65: CCPR2L = 50;
    99  002A  3032               	movlw	50
   100  002B  2835               	goto	L7
   101                           ;main.c: 66: break;
   102                           ;main.c: 68: case '3':
   103                           ;main.c: 69: CCPR2L = 100;
   104                           ;main.c: 70: break;
   105                           ;main.c: 72: case '4':
   106                           ;main.c: 73: CCPR2L = 175;
   107                           ;main.c: 74: break;
   108                           ;main.c: 76: case '5':
   109                           ;main.c: 77: CCPR2L = 255;
   110                           ;main.c: 78: break;
   111  002C                     l20
   112                           ;main.c: 80: case '6':
   113                           ;main.c: 81: CCPR2L = 0;
   114  002C  019B               	clrf	27	;volatile
   115                           ;main.c: 82: break;
   116  002D  2865               	goto	l6
   117  002E                     l21
   118                           ;main.c: 84: case '7':
   119                           ;main.c: 85: CCPR2L = 70;
   120  002E  3046               	movlw	70
   121  002F  2835               	goto	L7
   122                           ;main.c: 86: break;
   123  0030                     l22
   124                           ;main.c: 88: case '8':
   125                           ;main.c: 89: CCPR2L = 100;
   126  0030  3064               	movlw	100
   127  0031  2835               	goto	L7
   128                           ;main.c: 90: break;
   129  0032                     l23
   130                           ;main.c: 92: case '9':
   131                           ;main.c: 93: CCPR2L = 175;
   132  0032  30AF               	movlw	-81
   133  0033  2835               	goto	L7
   134                           ;main.c: 94: break;
   135  0034                     l24
   136                           ;main.c: 96: case '0':
   137                           ;main.c: 97: CCPR2L = 255;
   138  0034  30FF               	movlw	-1
   139  0035                     L7
   140  0035  009B               	movwf	27	;volatile
   141                           ;main.c: 98: break;
   142                           ;main.c: 100: default:
   143                           ;main.c: 101: break;
   144  0036  2865               	goto	l6
   145  0037                     l9
   146  0037  0820               	movf	_recdata,w
   147  0038  3A30               	xorlw	48
   148  0039  1903               	btfsc	3,2
   149  003A  2834               	goto	l24
   150  003B  3A01               	xorlw	1
   151  003C  1903               	btfsc	3,2
   152  003D  282C               	goto	l20
   153  003E  3A03               	xorlw	3
   154  003F  1903               	btfsc	3,2
   155  0040  282A               	goto	l16
   156  0041  3A01               	xorlw	1
   157  0042  1903               	btfsc	3,2
   158  0043  2830               	goto	l22
   159  0044  3A07               	xorlw	7
   160  0045  1903               	btfsc	3,2
   161  0046  2832               	goto	l23
   162  0047  3A01               	xorlw	1
   163  0048  1903               	btfsc	3,2
   164  0049  2834               	goto	l24
   165  004A  3A03               	xorlw	3
   166  004B  1903               	btfsc	3,2
   167  004C  282C               	goto	l20
   168  004D  3A01               	xorlw	1
   169  004E  1903               	btfsc	3,2
   170  004F  282E               	goto	l21
   171  0050  3A0F               	xorlw	15
   172  0051  1903               	btfsc	3,2
   173  0052  2830               	goto	l22
   174  0053  3A01               	xorlw	1
   175  0054  1903               	btfsc	3,2
   176  0055  2832               	goto	l23
   177  0056  3A58               	xorlw	88
   178  0057  1903               	btfsc	3,2
   179  0058  2814               	goto	l10
   180  0059  3A03               	xorlw	3
   181  005A  1903               	btfsc	3,2
   182  005B  2816               	goto	l11
   183  005C  3A01               	xorlw	1
   184  005D  1903               	btfsc	3,2
   185  005E  2818               	goto	l12
   186  005F  3A07               	xorlw	7
   187  0060  1903               	btfsc	3,2
   188  0061  281E               	goto	l13
   189  0062  3A01               	xorlw	1
   190  0063  1903               	btfsc	3,2
   191  0064  2824               	goto	l14
   192                           ;main.c: 103: }
   193  0065                     l6
   194                           
   195                           	psect	intsave_0
   196  007F                     saved_w
                     saved_w
   197  007F                     	ds	1
   198                           
   199                           	psect	intret
   200  0065  0826               	movf	saved_fsr,w
   201  0066  0084               	movwf	4	;restore FSR
   202  0067  0827               	movf	saved_pclath,w
   203  0068  008A               	movwf	10
   204  0069                     int_restore
   205  0069  0825               	movf	saved_status,w
   206  006A  0083               	movwf	3
   207  006B  0EFF               	swapf	saved_w
   208  006C  0E7F               	swapf	saved_w,w
   209  006D  0009               	retfie
   210                           
   211                           	psect	intentry
   212  0004                     int_entry
   213  0004  00FF               	movwf	saved_w
   214  0005  0803               	movf	3,w
   215  0006  0183               	clrf	3
   216  0007  00A5               	movwf	saved_status
   217  0008  0804               	movf	4,w
   218  0009  00A6               	movwf	saved_fsr
   219  000A  080A               	movf	10,w
   220  000B  00A7               	movwf	saved_pclath
   221  000C  018A               	clrf	10
   222  000D                     __end_of_bluetooth
   223  0000                     
   224  0000                     
   225  0000                     
   226  0000                     
   227  0000                     
   228  0000                     
   229  0000                     
   230  0000                     
   231  0000                     
   232  0000                     
   233  0000                     
   234  0000                     
   235  0000                     
   236  0000                     
   237  0000                     
   238  0000                     
   239  0000                     
   240  0000                     
   241  0000                     
   242  0000                     
   243  0000                     
   244  0000                     
   245  0000                     
   246  0000                     
   247  0000                     
   248  0000                     
   249  0000                     
   250  0000                     
   251  0000                     
   252  0000                     
   253  0000                     
   254  0000                     
   255  0000                     
   256  0000                     
   257  0000                     
   258  0000                     
   259  0000                     
   260  0000                     
   261  0000                     
   262  0000                     
   263  0000                     
   264  0000                     
   265  0000                     
   266  0000                     
   267  0000                     
   268  0000                     
   269  0000                     
   270  0000                     
   271  0000                     
   272  0000                     
   273  0000                     
   274  0000                     
   275  0000                     
   276  0000                     
   277  0000                     
   278  0000                     
   279  0000                     
   280  0000                     
   281  0000                     
   282  0000                     
   283  0000                     
   284  0000                     
   285  0000                     
   286  0000                     
   287  0000                     
   288  0000                     
   289  0000                     
   290  0000                     
   291  0000                     
   292  0000                     
   293  0000                     
   294  0000                     
   295  0000                     
   296  0000                     
   297  0000                     
   298  0000                     
   299  0000                     
   300  0000                     
   301  0000                     
   302  0000                     
   303  0000                     
   304  0000                     
   305  0000                     
   306  0000                     
   307  0000                     
   308  0000                     
   309  0000                     
   310  0000                     
   311  0000                     
   312  0000                     
   313  0000                     
   314  0000                     
   315  0000                     
   316  0000                     
   317  0000                     
   318  0000                     
   319  0000                     
   320  0000                     
   321  0000                     
   322  0000                     
   323  0000                     
   324  0000                     
   325  0000                     
   326  0000                     
   327  0000                     
   328  0000                     
   329  0000                     
   330  0000                     
   331  0000                     
   332  0000                     
   333  0000                     
   334  0000                     
   335  0000                     
   336  0000                     
   337  0000                     
   338  0000                     
   339  0000                     
   340  0000                     
   341  0000                     
   342  0000                     
   343  0000                     
   344  0000                     
   345  0000                     
   346  0000                     
   347  0000                     
   348  0000                     
   349  0000                     
   350  0000                     
   351  0000                     
   352  0000                     
   353  0000                     
   354  0000                     
   355  0000                     
   356  0000                     
   357  0000                     
   358  0000                     
   359  0000                     
   360  0000                     
   361  0000                     
   362  0000                     
   363  0000                     
   364  0000                     
   365  0000                     
   366  0000                     
   367  0000                     
   368  0000                     
   369  0000                     
   370  0000                     
   371  0000                     
   372  0000                     
   373  0000                     
   374  0000                     
   375  0000                     
   376  0000                     
   377  0000                     
   378  0000                     
   379  0000                     
   380  0000                     
   381  0000                     
   382  0000                     
   383  0000                     
   384  0000                     
   385  0000                     
   386  0000                     
   387  0000                     
   388  0000                     
   389  0000                     
   390  0000                     
   391  0000                     
   392  0000                     
   393  0000                     
   394  0000                     
   395  0000                     
   396  0000                     
   397  0000                     
   398  0000                     
   399  0000                     
   400  0000                     
   401  0000                     
   402  0000                     
   403  0000                     
   404  0000                     
   405  0000                     
   406  0000                     
   407  0000                     
   408  0000                     
   409  0000                     
   410  0000                     
   411  0000                     
   412  0000                     
   413  0000                     
   414  0000                     
   415  0000                     
   416  0000                     
   417  0000                     
   418  0000                     
   419  0000                     
   420  0000                     
   421  0000                     
   422  0000                     
   423  0000                     
   424  0000                     
   425  0000                     
   426  0000                     
   427  0000                     
   428  0000                     
   429  0000                     
   430  0000                     
   431  0000                     
   432  0000                     
   433  0000                     
   434  0000                     
   435  0000                     
   436  0000                     
   437  0000                     
   438  0000                     
   439  0000                     
   440  0000                     
   441  0000                     
   442  0000                     
   443  0000                     
   444  0000                     
   445  0000                     
   446  0000                     
   447  0000                     
   448  0000                     
   449  0000                     
   450  0000                     
   451  0000                     
   452  0000                     
   453  0000                     
   454  0000                     
   455  0000                     
   456  0000                     
   457  0000                     
   458  0000                     
   459  0000                     
   460  0000                     
   461  0000                     
   462  0000                     
   463  0000                     
   464  0000                     
   465  0000                     
   466  0000                     
   467  0000                     
   468  0000                     
   469  0000                     
   470  0000                     
   471  0000                     
   472  0000                     
   473  0000                     
   474  0000                     
   475  0000                     
   476  0000                     
   477  0000                     
   478  0000                     
   479  0000                     
   480  0000                     
   481  0000                     
   482  0000                     
   483  0000                     
   484  0000                     
   485  0000                     
   486  0000                     
   487  0000                     
   488  0000                     
   489  0000                     
   490  0000                     
   491  0000                     
   492  0000                     
   493  0000                     
   494  0000                     
   495  0000                     
   496  0000                     
   497  0000                     
   498  0000                     
   499  0000                     
   500  0000                     
   501  0000                     
   502  0000                     
   503  0000                     
   504  0000                     
   505  0000                     
   506  0000                     
   507  0000                     
   508  0000                     
   509  0000                     
   510  0000                     
   511  0000                     
   512  0000                     
   513  0000                     
   514  0000                     
   515  0000                     
   516  0000                     
   517  0000                     
   518  0000                     
   519  0000                     
   520  0000                     
   521  0000                     
   522  0000                     
   523  0000                     
   524  0000                     
   525  0000                     
   526  0000                     
   527  0000                     
   528  0000                     
   529  0000                     
   530  0000                     
   531  0000                     
   532  0000                     
   533  0000                     
   534  0000                     
   535  0000                     
   536  0000                     
   537  0000                     
   538  0000                     
   539  0000                     
   540  0000                     
   541  0000                     
   542  0000                     
   543  0000                     
   544  0000                     
   545  0000                     
   546  0000                     
   547  0000                     
   548  0000                     
   549  0000                     
   550  0000                     
   551  0000                     
   552  0000                     
   553  0000                     
   554  0000                     
   555  0000                     
   556  0000                     
   557  0000                     
   558  0000                     
   559  0000                     
   560  0000                     
   561  0000                     
   562  0000                     
   563  0000                     
   564  0000                     
   565  0000                     
   566  0000                     
   567  0000                     
   568  0000                     
   569  0000                     
   570  0000                     
   571  0000                     
   572  0000                     
   573  0000                     
   574  0000                     
   575  0000                     
   576  0000                     
   577  0000                     
   578  0000                     
   579  0000                     
   580  0000                     
   581  0000                     
   582  0000                     
   583  0000                     
   584  0000                     
   585  0000                     
   586  0000                     
   587  0000                     
   588  0000                     
   589  0000                     
   590  0000                     
   591  0000                     
   592  0000                     
   593  0000                     
   594  0000                     
   595  0000                     
   596  0000                     
   597  0000                     
   598  0000                     
   599  0000                     
   600  0000                     
   601  0000                     
   602  0000                     
   603  0000                     
   604  0000                     
   605  0000                     
   606  0000                     
   607  0000                     
   608  0000                     
   609  0000                     
   610  0000                     
   611  0000                     
   612  0000                     
   613  0000                     
   614  0000                     
   615  0000                     
   616  0000                     
   617  0000                     
   618  0000                     
   619  0000                     
   620  0000                     
   621  0000                     
   622  0000                     
   623  0000                     
   624  0000                     
   625  0000                     
   626  0000                     
   627  0000                     
   628  0000                     
   629  0000                     
   630  0000                     
   631  0000                     
   632  0000                     
   633  0000                     
   634  0000                     
   635  0000                     
   636  0000                     
   637  0000                     
   638  0000                     
   639                           
   640                           	psect	intsave
   641  0025                     saved_status
                     saved_status
   642  0025                     	ds	1
   643  0026                     saved_fsr
                     saved_fsr
   644  0026                     	ds	1
   645  0027                     saved_pclath
                     saved_pclath
   646  0027                     	ds	1
   647                           
   648                           	psect	rbss_0
   649  0020                     _recdata
                     _recdata
   650  0020                     	ds	1


HI-TECH Software PICC Macro Assembler V9.60PL3 build 3862 
Symbol Table                                          Thu Aug 16 22:44:49 2018

                l3 0136                  l6 0065                  l9 0037  
               l10 0014                 l11 0016                 l20 002C  
               l12 0018                 l21 002E                 l13 001E  
               l22 0030                 l14 0024                 l23 0032  
               l24 0034                 l16 002A                 fsr 0004  
      _Rotation180 007D          _bluetooth 000D       save_code_ptr 000D  
       save_btemp0 000D         save_btemp1 000D         save_btemp2 000D  
       save_btemp3 000D         save_btemp4 000D         save_btemp5 000D  
       save_btemp6 000D         save_btemp7 000D         save_btemp8 000D  
       save_btemp9 000D               _main 012B               start 006E  
__end_of_bluetooth 000D             saved_w 007F       __end_of_main 0159  
         int_entry 0004       _Init_CCP_PWM 014A         _Rotation90 00A5  
         saved_fsr 0026            _recdata 0020        save_btemp10 000D  
      save_btemp11 000D        save_btemp12 000D        save_btemp13 000D  
      save_btemp14 000D        saved_pclath 0027              pclath 000A  
      saved_status 0025              status 0003           _Init_PIC 013B  
          int_func 000D          _Rotation0 00CD         _Init_USART 00F5  
       int_restore 0069  
